This is pdfTeX, Version 3.1415926-2.4-1.40.13 (MiKTeX 2.9) (preloaded format=pdflatex 2013.10.23)  25 OCT 2014 21:13
entering extended mode
**C:/Users/Chris/Documents/Thesis/tamuthesis/tamuthesis.tex
(C:/Users/Chris/Documents/Thesis/tamuthesis/tamuthesis.tex
LaTeX2e <2011/06/27>
Babel <v3.8m> and hyphenation patterns for english, afrikaans, ancientgreek, ar
abic, armenian, assamese, basque, bengali, bokmal, bulgarian, catalan, coptic, 
croatian, czech, danish, dutch, esperanto, estonian, farsi, finnish, french, ga
lician, german, german-x-2012-05-30, greek, gujarati, hindi, hungarian, iceland
ic, indonesian, interlingua, irish, italian, kannada, kurmanji, latin, latvian,
 lithuanian, malayalam, marathi, mongolian, mongolianlmc, monogreek, ngerman, n
german-x-2012-05-30, nynorsk, oriya, panjabi, pinyin, polish, portuguese, roman
ian, russian, sanskrit, serbian, slovak, slovenian, spanish, swedish, swissgerm
an, tamil, telugu, turkish, turkmen, ukenglish, ukrainian, uppersorbian, usengl
ishmax, welsh, loaded.
("C:\Program Files (x86)\MiKTeX 2.9\tex\latex\base\report.cls"
Document Class: report 2007/10/19 v1.4h Standard LaTeX document class
("C:\Program Files (x86)\MiKTeX 2.9\tex\latex\base\size12.clo"
File: size12.clo 2007/10/19 v1.4h Standard LaTeX file (size option)
)
\c@part=\count79
\c@chapter=\count80
\c@section=\count81
\c@subsection=\count82
\c@subsubsection=\count83
\c@paragraph=\count84
\c@subparagraph=\count85
\c@figure=\count86
\c@table=\count87
\abovecaptionskip=\skip41
\belowcaptionskip=\skip42
\bibindent=\dimen102
)
("C:\Program Files (x86)\MiKTeX 2.9\tex\latex\geometry\geometry.sty"
Package: geometry 2010/09/12 v5.6 Page Geometry

("C:\Program Files (x86)\MiKTeX 2.9\tex\latex\graphics\keyval.sty"
Package: keyval 1999/03/16 v1.13 key=value parser (DPC)
\KV@toks@=\toks14
)
("C:\Program Files (x86)\MiKTeX 2.9\tex\generic\oberdiek\ifpdf.sty"
Package: ifpdf 2011/01/30 v2.3 Provides the ifpdf switch (HO)
Package ifpdf Info: pdfTeX in PDF mode is detected.
)
("C:\Program Files (x86)\MiKTeX 2.9\tex\generic\oberdiek\ifvtex.sty"
Package: ifvtex 2010/03/01 v1.5 Detect VTeX and its facilities (HO)
Package ifvtex Info: VTeX not detected.
)
("C:\Program Files (x86)\MiKTeX 2.9\tex\generic\ifxetex\ifxetex.sty"
Package: ifxetex 2010/09/12 v0.6 Provides ifxetex conditional
)
\Gm@cnth=\count88
\Gm@cntv=\count89
\c@Gm@tempcnt=\count90
\Gm@bindingoffset=\dimen103
\Gm@wd@mp=\dimen104
\Gm@odd@mp=\dimen105
\Gm@even@mp=\dimen106
\Gm@layoutwidth=\dimen107
\Gm@layoutheight=\dimen108
\Gm@layouthoffset=\dimen109
\Gm@layoutvoffset=\dimen110
\Gm@dimlist=\toks15

("C:\Program Files (x86)\MiKTeX 2.9\tex\latex\geometry\geometry.cfg"))
("C:\Program Files (x86)\MiKTeX 2.9\tex\latex\setspace\setspace.sty"
Package: setspace 2011/12/19 v6.7a set line spacing
)
("C:\Program Files (x86)\MiKTeX 2.9\tex\latex\tocloft\tocloft.sty"
Package: tocloft 2013/05/02 v2.3f parameterised ToC, etc., typesetting
Package tocloft Info: The document has chapter divisions on input line 44.
\cftparskip=\skip43
\cftbeforetoctitleskip=\skip44
\cftaftertoctitleskip=\skip45
\cftbeforepartskip=\skip46
\cftpartnumwidth=\skip47
\cftpartindent=\skip48
\cftbeforechapskip=\skip49
\cftchapindent=\skip50
\cftchapnumwidth=\skip51
\cftbeforesecskip=\skip52
\cftsecindent=\skip53
\cftsecnumwidth=\skip54
\cftbeforesubsecskip=\skip55
\cftsubsecindent=\skip56
\cftsubsecnumwidth=\skip57
\cftbeforesubsubsecskip=\skip58
\cftsubsubsecindent=\skip59
\cftsubsubsecnumwidth=\skip60
\cftbeforeparaskip=\skip61
\cftparaindent=\skip62
\cftparanumwidth=\skip63
\cftbeforesubparaskip=\skip64
\cftsubparaindent=\skip65
\cftsubparanumwidth=\skip66
\cftbeforeloftitleskip=\skip67
\cftafterloftitleskip=\skip68
\cftbeforefigskip=\skip69
\cftfigindent=\skip70
\cftfignumwidth=\skip71
\c@lofdepth=\count91
\c@lotdepth=\count92
\cftbeforelottitleskip=\skip72
\cftafterlottitleskip=\skip73
\cftbeforetabskip=\skip74
\cfttabindent=\skip75
\cfttabnumwidth=\skip76
)
("C:\Program Files (x86)\MiKTeX 2.9\tex\latex\titlesec\titlesec.sty"
Package: titlesec 2011/12/15 v2.10.0 Sectioning titles
\ttl@box=\box26
\beforetitleunit=\skip77
\aftertitleunit=\skip78
\ttl@plus=\dimen111
\ttl@minus=\dimen112
\ttl@toksa=\toks16
\titlewidth=\dimen113
\titlewidthlast=\dimen114
\titlewidthfirst=\dimen115
)
("C:\Program Files (x86)\MiKTeX 2.9\tex\latex\tools\indentfirst.sty"
Package: indentfirst 1995/11/23 v1.03 Indent first paragraph (DPC)
)
("C:\Program Files (x86)\MiKTeX 2.9\tex\latex\etoolbox\etoolbox.sty"
Package: etoolbox 2011/01/03 v2.1 e-TeX tools for LaTeX

("C:\Program Files (x86)\MiKTeX 2.9\tex\latex\misc\etex.sty"
Package: etex 1998/03/26 v2.0 eTeX basic definition package (PEB)
\et@xins=\count93
)
\etb@tempcnta=\count94
)
("C:\Program Files (x86)\MiKTeX 2.9\tex\latex\tocvsec2\tocvsec2.sty"
Package: tocvsec2 2011/08/07 v1.3 variable ToC section entries

("C:\Program Files (x86)\MiKTeX 2.9\tex\latex\base\ifthen.sty"
Package: ifthen 2001/05/26 v1.1c Standard LaTeX ifthen package (DPC)
)
\c@max@tocdepth=\count95
\c@max@secnumdepth=\count96
)
("C:\Program Files (x86)\MiKTeX 2.9\tex\latex\appendix\appendix.sty"
Package: appendix 2009/09/02 v1.2b extra appendix facilities
\c@@pps=\count97
\c@@ppsavesec=\count98
\c@@ppsaveapp=\count99
)
(C:\Users\Chris\Documents\Thesis\tamuthesis\tamuconfig.sty
Package: tamuconfig 
)
("C:\Program Files (x86)\MiKTeX 2.9\tex\latex\rotating\rotating.sty"
Package: rotating 2009/03/28 v2.16a rotated objects in LaTeX

("C:\Program Files (x86)\MiKTeX 2.9\tex\latex\graphics\graphicx.sty"
Package: graphicx 1999/02/16 v1.0f Enhanced LaTeX Graphics (DPC,SPQR)

("C:\Program Files (x86)\MiKTeX 2.9\tex\latex\graphics\graphics.sty"
Package: graphics 2009/02/05 v1.0o Standard LaTeX Graphics (DPC,SPQR)

("C:\Program Files (x86)\MiKTeX 2.9\tex\latex\graphics\trig.sty"
Package: trig 1999/03/16 v1.09 sin cos tan (DPC)
)
("C:\Program Files (x86)\MiKTeX 2.9\tex\latex\00miktex\graphics.cfg"
File: graphics.cfg 2007/01/18 v1.5 graphics configuration of teTeX/TeXLive
)
Package graphics Info: Driver file: pdftex.def on input line 91.

("C:\Program Files (x86)\MiKTeX 2.9\tex\latex\pdftex-def\pdftex.def"
File: pdftex.def 2011/05/27 v0.06d Graphics/color for pdfTeX

("C:\Program Files (x86)\MiKTeX 2.9\tex\generic\oberdiek\infwarerr.sty"
Package: infwarerr 2010/04/08 v1.3 Providing info/warning/error messages (HO)
)
("C:\Program Files (x86)\MiKTeX 2.9\tex\generic\oberdiek\ltxcmds.sty"
Package: ltxcmds 2011/11/09 v1.22 LaTeX kernel commands for general use (HO)
)
\Gread@gobject=\count100
))
\Gin@req@height=\dimen116
\Gin@req@width=\dimen117
)
\c@r@tfl@t=\count101
\rotFPtop=\skip79
\rotFPbot=\skip80
\rot@float@box=\box27
\rot@mess@toks=\toks17
)
("C:\Program Files (x86)\MiKTeX 2.9\tex\latex\mh\mathtools.sty"
Package: mathtools 2013/02/12 v1.13 mathematical typesetting tools

("C:\Program Files (x86)\MiKTeX 2.9\tex\latex\tools\calc.sty"
Package: calc 2007/08/22 v4.3 Infix arithmetic (KKT,FJ)
\calc@Acount=\count102
\calc@Bcount=\count103
\calc@Adimen=\dimen118
\calc@Bdimen=\dimen119
\calc@Askip=\skip81
\calc@Bskip=\skip82
LaTeX Info: Redefining \setlength on input line 76.
LaTeX Info: Redefining \addtolength on input line 77.
\calc@Ccount=\count104
\calc@Cskip=\skip83
)
("C:\Program Files (x86)\MiKTeX 2.9\tex\latex\mh\mhsetup.sty"
Package: mhsetup 2010/01/21 v1.2a programming setup (MH)
)
("C:\Program Files (x86)\MiKTeX 2.9\tex\latex\amsmath\amsmath.sty"
Package: amsmath 2013/01/14 v2.14 AMS math features
\@mathmargin=\skip84

For additional information on amsmath, use the `?' option.
("C:\Program Files (x86)\MiKTeX 2.9\tex\latex\amsmath\amstext.sty"
Package: amstext 2000/06/29 v2.01

("C:\Program Files (x86)\MiKTeX 2.9\tex\latex\amsmath\amsgen.sty"
File: amsgen.sty 1999/11/30 v2.0
\@emptytoks=\toks18
\ex@=\dimen120
))
("C:\Program Files (x86)\MiKTeX 2.9\tex\latex\amsmath\amsbsy.sty"
Package: amsbsy 1999/11/29 v1.2d
\pmbraise@=\dimen121
)
("C:\Program Files (x86)\MiKTeX 2.9\tex\latex\amsmath\amsopn.sty"
Package: amsopn 1999/12/14 v2.01 operator names
)
\inf@bad=\count105
LaTeX Info: Redefining \frac on input line 210.
\uproot@=\count106
\leftroot@=\count107
LaTeX Info: Redefining \overline on input line 306.
\classnum@=\count108
\DOTSCASE@=\count109
LaTeX Info: Redefining \ldots on input line 378.
LaTeX Info: Redefining \dots on input line 381.
LaTeX Info: Redefining \cdots on input line 466.
\Mathstrutbox@=\box28
\strutbox@=\box29
\big@size=\dimen122
LaTeX Font Info:    Redeclaring font encoding OML on input line 566.
LaTeX Font Info:    Redeclaring font encoding OMS on input line 567.
\macc@depth=\count110
\c@MaxMatrixCols=\count111
\dotsspace@=\muskip10
\c@parentequation=\count112
\dspbrk@lvl=\count113
\tag@help=\toks19
\row@=\count114
\column@=\count115
\maxfields@=\count116
\andhelp@=\toks20
\eqnshift@=\dimen123
\alignsep@=\dimen124
\tagshift@=\dimen125
\tagwidth@=\dimen126
\totwidth@=\dimen127
\lineht@=\dimen128
\@envbody=\toks21
\multlinegap=\skip85
\multlinetaggap=\skip86
\mathdisplay@stack=\toks22
LaTeX Info: Redefining \[ on input line 2665.
LaTeX Info: Redefining \] on input line 2666.
)
LaTeX Info: Thecontrolsequence`\['isalreadyrobust on input line 129.
LaTeX Info: Thecontrolsequence`\]'isalreadyrobust on input line 129.
\g_MT_multlinerow_int=\count117
\l_MT_multwidth_dim=\dimen129
\origjot=\skip87
\l_MT_shortvdotswithinadjustabove_dim=\dimen130
\l_MT_shortvdotswithinadjustbelow_dim=\dimen131
\l_MT_above_intertext_sep=\dimen132
\l_MT_below_intertext_sep=\dimen133
\l_MT_above_shortintertext_sep=\dimen134
\l_MT_below_shortintertext_sep=\dimen135
)
("C:\Program Files (x86)\MiKTeX 2.9\tex\latex\algorithm2e\algorithm2e.sty"
Package: algorithm2e 2013/01/06 v5.00 algorithms environments
\c@AlgoLine=\count118

("C:\Program Files (x86)\MiKTeX 2.9\tex\latex\tools\xspace.sty"
Package: xspace 2009/10/20 v1.13 Space after command names (DPC,MH)
)
("C:\Program Files (x86)\MiKTeX 2.9\tex\latex\ltxmisc\relsize.sty"
Package: relsize 2003/07/04 ver 3.1
)
********************************************************
Package `algorithm2e' Release 5.0 -- january 06 2013 --
- algorithm2e-announce@lirmm.fr mailing list for announcement about releases
- algorithm2e-discussion@lirmm.fr mailing list for discussion about package
subscribe by emailing sympa@lirmm.fr with 'subscribe <list> <firstname name>'
- Author: Christophe Fiorio (cfiorio@um2.fr)
********************************************************
\skiptotal=\skip88
\skiplinenumber=\skip89
\skiprule=\skip90
\skiphlne=\skip91
\skiptext=\skip92
\skiplength=\skip93
\algomargin=\skip94
\skipalgocfslide=\skip95
\algowidth=\dimen136
\inoutsize=\dimen137
\inoutindent=\dimen138
\interspacetitleruled=\dimen139
\interspacealgoruled=\dimen140
\interspacetitleboxruled=\dimen141
\algocf@inoutbox=\box30
\algocf@inputbox=\box31
\AlCapSkip=\skip96
\AlCapHSkip=\skip97
\algoskipindent=\skip98
\algocf@nlbox=\box32
\algocf@hangingbox=\box33
\algocf@untilbox=\box34
\algocf@skipuntil=\skip99
\algocf@capbox=\box35
\algoheightruledefault=\skip100
\algoheightrule=\skip101
\algotitleheightruledefault=\skip102
\algotitleheightrule=\skip103
\c@algocfline=\count119
\c@algocfproc=\count120
\c@algocf=\count121
\algocf@algoframe=\box36
\algocf@algobox=\box37
) ("C:\Program Files (x86)\MiKTeX 2.9\tex\latex\tools\enumerate.sty"
Package: enumerate 1999/03/05 v3.00 enumerate extensions (DPC)
\@enLab=\toks23
)
("C:\Program Files (x86)\MiKTeX 2.9\tex\latex\enumitem\enumitem.sty"
Package: enumitem 2011/09/28 v3.5.2 Customized lists
\labelindent=\skip104
\enit@outerparindent=\dimen142
\enit@toks=\toks24
\enit@inbox=\box38
\enitdp@description=\count122
)
("C:\Program Files (x86)\MiKTeX 2.9\tex\latex\listings\listings.sty"
\lst@mode=\count123
\lst@gtempboxa=\box39
\lst@token=\toks25
\lst@length=\count124
\lst@currlwidth=\dimen143
\lst@column=\count125
\lst@pos=\count126
\lst@lostspace=\dimen144
\lst@width=\dimen145
\lst@newlines=\count127
\lst@lineno=\count128
\lst@maxwidth=\dimen146

("C:\Program Files (x86)\MiKTeX 2.9\tex\latex\listings\lstmisc.sty"
File: lstmisc.sty 2014/03/04 1.5c (Carsten Heinz)
\c@lstnumber=\count129
\lst@skipnumbers=\count130
\lst@framebox=\box40
)
("C:\Program Files (x86)\MiKTeX 2.9\tex\latex\listings\listings.cfg"
File: listings.cfg 2014/03/04 1.5c listings configuration
))
Package: listings 2014/03/04 1.5c (Carsten Heinz)

("C:\Program Files (x86)\MiKTeX 2.9\tex\latex\graphics\color.sty"
Package: color 2005/11/14 v1.0j Standard LaTeX Color (DPC)

("C:\Program Files (x86)\MiKTeX 2.9\tex\latex\00miktex\color.cfg"
File: color.cfg 2007/01/18 v1.5 color configuration of teTeX/TeXLive
)
Package color Info: Driver file: pdftex.def on input line 130.
)
(C:\Users\Chris\Documents\Thesis\tamuthesis\tamuthesis.aux
(C:\Users\Chris\Documents\Thesis\tamuthesis\titlepage.aux)
(C:\Users\Chris\Documents\Thesis\tamuthesis\abstract.aux)
(C:\Users\Chris\Documents\Thesis\tamuthesis\dedication.aux)
(C:\Users\Chris\Documents\Thesis\tamuthesis\acknowledgements.aux)
(C:\Users\Chris\Documents\Thesis\tamuthesis\nomenclature.aux)
(C:\Users\Chris\Documents\Thesis\tamuthesis\lists.aux)
(C:\Users\Chris\Documents\Thesis\tamuthesis\introduction.aux)
(C:\Users\Chris\Documents\Thesis\tamuthesis\background.aux

LaTeX Warning: Label `fig:gooch' multiply defined.

) (C:\Users\Chris\Documents\Thesis\tamuthesis\Methodology.aux)
(C:\Users\Chris\Documents\Thesis\tamuthesis\Implementation.aux

LaTeX Warning: Label `fig:cplusraycasting' multiply defined.


LaTeX Warning: Label `fig:basicgraph' multiply defined.


LaTeX Warning: Label `fig:basicgraph' multiply defined.

) (C:\Users\Chris\Documents\Thesis\tamuthesis\results.aux)
(C:\Users\Chris\Documents\Thesis\tamuthesis\bibliography.aux))
LaTeX Font Info:    Checking defaults for OML/cmm/m/it on input line 86.
LaTeX Font Info:    ... okay on input line 86.
LaTeX Font Info:    Checking defaults for T1/cmr/m/n on input line 86.
LaTeX Font Info:    ... okay on input line 86.
LaTeX Font Info:    Checking defaults for OT1/cmr/m/n on input line 86.
LaTeX Font Info:    ... okay on input line 86.
LaTeX Font Info:    Checking defaults for OMS/cmsy/m/n on input line 86.
LaTeX Font Info:    ... okay on input line 86.
LaTeX Font Info:    Checking defaults for OMX/cmex/m/n on input line 86.
LaTeX Font Info:    ... okay on input line 86.
LaTeX Font Info:    Checking defaults for U/cmr/m/n on input line 86.
LaTeX Font Info:    ... okay on input line 86.

*geometry* driver: auto-detecting
*geometry* detected driver: pdftex
*geometry* verbose mode - [ preamble ] result:
* driver: pdftex
* paper: letterpaper
* layout: <same size as paper>
* layoutoffset:(h,v)=(0.0pt,0.0pt)
* modes: 
* h-part:(L,W,R)=(101.17755pt, 430.0074pt, 83.11005pt)
* v-part:(T,H,B)=(90.3375pt, 614.295pt, 90.3375pt)
* \paperwidth=614.295pt
* \paperheight=794.96999pt
* \textwidth=430.0074pt
* \textheight=614.295pt
* \oddsidemargin=28.90756pt
* \evensidemargin=28.90756pt
* \topmargin=-18.9325pt
* \headheight=12.0pt
* \headsep=25.0pt
* \topskip=12.0pt
* \footskip=30.0pt
* \marginparwidth=44.0pt
* \marginparsep=10.0pt
* \columnsep=10.0pt
* \skip\footins=10.8pt plus 4.0pt minus 2.0pt
* \hoffset=0.0pt
* \voffset=0.0pt
* \mag=1000
* \@twocolumnfalse
* \@twosidefalse
* \@mparswitchfalse
* \@reversemarginfalse
* (1in=72.27pt=25.4mm, 1cm=28.453pt)

("C:\Program Files (x86)\MiKTeX 2.9\tex\context\base\supp-pdf.mkii"
[Loading MPS to PDF converter (version 2006.09.02).]
\scratchcounter=\count131
\scratchdimen=\dimen147
\scratchbox=\box41
\nofMPsegments=\count132
\nofMParguments=\count133
\everyMPshowfont=\toks26
\MPscratchCnt=\count134
\MPscratchDim=\dimen148
\MPnumerator=\count135
\makeMPintoPDFobject=\count136
\everyMPtoPDFconversion=\toks27
)
\c@lstlisting=\count137
 (C:\Users\Chris\Documents\Thesis\tamuthesis\titlepage.tex [1


{C:/ProgramData/MiKTeX/2.9/pdftex/config/pdftex.map}])
(C:\Users\Chris\Documents\Thesis\tamuthesis\abstract.tex [2



])
(C:\Users\Chris\Documents\Thesis\tamuthesis\dedication.tex [3



])
(C:\Users\Chris\Documents\Thesis\tamuthesis\acknowledgements.tex [4



])
(C:\Users\Chris\Documents\Thesis\tamuthesis\nomenclature.tex
LaTeX Font Info:    Try loading font information for OMS+cmr on input line 25.

("C:\Program Files (x86)\MiKTeX 2.9\tex\latex\base\omscmr.fd"
File: omscmr.fd 1999/05/25 v2.5h Standard LaTeX font definitions
)
LaTeX Font Info:    Font shape `OMS/cmr/m/n' in size <12> not available
(Font)              Font shape `OMS/cmsy/m/n' tried instead on input line 25.
 [5



])
(C:\Users\Chris\Documents\Thesis\tamuthesis\lists.tex
(C:\Users\Chris\Documents\Thesis\tamuthesis\tamuthesis.toc [6


] [7])
\tf@toc=\write3
 [8]
(C:\Users\Chris\Documents\Thesis\tamuthesis\tamuthesis.lof [9])
\tf@lof=\write4
 [10]
(C:\Users\Chris\Documents\Thesis\tamuthesis\tamuthesis.lot)
\tf@lot=\write5
 [11])
(C:\Users\Chris\Documents\Thesis\tamuthesis\introduction.tex
Chapter 1.
[1



]) [2] (C:\Users\Chris\Documents\Thesis\tamuthesis\background.tex
Chapter 2.
<figures/Ray_trace_diagram.png, id=46, 803.0pt x 533.995pt>
File: figures/Ray_trace_diagram.png Graphic file (type png)

<use figures/Ray_trace_diagram.png>
Package pdftex.def Info: figures/Ray_trace_diagram.png used on input line 28.
(pdftex.def)             Requested size: 326.03416pt x 216.81pt.
 [3



 <C:/Users/Chris/Documents/Thesis/tamuthesis/figures/Ray_trace_diagram.png>]
<figures/lambert_Maya.png, id=52, 1003.75pt x 1003.75pt>
File: figures/lambert_Maya.png Graphic file (type png)

<use figures/lambert_Maya.png>
Package pdftex.def Info: figures/lambert_Maya.png used on input line 52.
(pdftex.def)             Requested size: 216.79758pt x 216.81pt.
 [4] [5 <C:/Users/Chris/Documents/Thesis/tamuthesis/figures/lambert_Maya.png>]
<figures/gouraud_low.png, id=62, 271.76532pt x 271.0125pt>
File: figures/gouraud_low.png Graphic file (type png)

<use figures/gouraud_low.png>
Package pdftex.def Info: figures/gouraud_low.png used on input line 70.
(pdftex.def)             Requested size: 217.42084pt x 216.81pt.


LaTeX Warning: `h' float specifier changed to `ht'.

[6] <figures/phong_Maya.png, id=66, 1003.75pt x 1003.75pt>
File: figures/phong_Maya.png Graphic file (type png)

<use figures/phong_Maya.png>
Package pdftex.def Info: figures/phong_Maya.png used on input line 80.
(pdftex.def)             Requested size: 216.79758pt x 216.81pt.


LaTeX Warning: `h' float specifier changed to `ht'.

[7 <C:/Users/Chris/Documents/Thesis/tamuthesis/figures/gouraud_low.png>]
[8 <C:/Users/Chris/Documents/Thesis/tamuthesis/figures/phong_Maya.png>]
<figures/blinn_Maya.png, id=76, 1003.75pt x 1003.75pt>
File: figures/blinn_Maya.png Graphic file (type png)

<use figures/blinn_Maya.png>
Package pdftex.def Info: figures/blinn_Maya.png used on input line 109.
(pdftex.def)             Requested size: 216.79758pt x 216.81pt.
 [9 <C:/Users/Chris/Documents/Thesis/tamuthesis/figures/blinn_Maya.png>] <figur
es/gooch.jpg, id=81, 413.545pt x 703.62875pt>
File: figures/gooch.jpg Graphic file (type jpg)

<use figures/gooch.jpg>
Package pdftex.def Info: figures/gooch.jpg used on input line 139.
(pdftex.def)             Requested size: 127.42146pt x 216.81pt.


LaTeX Warning: `h' float specifier changed to `ht'.

[10] <figures/flowerteapot.png, id=85, 490.83376pt x 286.06876pt>
File: figures/flowerteapot.png Graphic file (type png)

<use figures/flowerteapot.png>
Package pdftex.def Info: figures/flowerteapot.png used on input line 154.
(pdftex.def)             Requested size: 248.00015pt x 144.54pt.


LaTeX Warning: `h' float specifier changed to `ht'.

[11 <C:/Users/Chris/Documents/Thesis/tamuthesis/figures/gooch.jpg>]
<figures/blinn_bump.jpg, id=90, 401.5pt x 158.5925pt>
File: figures/blinn_bump.jpg Graphic file (type jpg)

<use figures/blinn_bump.jpg>
Package pdftex.def Info: figures/blinn_bump.jpg used on input line 164.
(pdftex.def)             Requested size: 365.95369pt x 144.54pt.


LaTeX Warning: `h' float specifier changed to `ht'.

[12 <C:/Users/Chris/Documents/Thesis/tamuthesis/figures/flowerteapot.png>]
[13 <C:/Users/Chris/Documents/Thesis/tamuthesis/figures/blinn_bump.jpg>]
Underfull \hbox (badness 10000) in paragraph at lines 197--198

 []


Underfull \hbox (badness 10000) in paragraph at lines 199--203

 []

[14] [15] <figures/raquetball.JPG, id=107, 796.1745pt x 576.9555pt>
File: figures/raquetball.JPG Graphic file (type jpg)

<use figures/raquetball.JPG>
Package pdftex.def Info: figures/raquetball.JPG used on input line 227.
(pdftex.def)             Requested size: 299.18428pt x 216.81pt.
 [16 <C:/Users/Chris/Documents/Thesis/tamuthesis/figures/raquetball.JPG>] <figu
res/aOcclusion.jpg, id=111, 1284.8pt x 722.7pt>
File: figures/aOcclusion.jpg Graphic file (type jpg)

<use figures/aOcclusion.jpg>
Package pdftex.def Info: figures/aOcclusion.jpg used on input line 236.
(pdftex.def)             Requested size: 385.44298pt x 216.81pt.
 [17 <C:/Users/Chris/Documents/Thesis/tamuthesis/figures/aOcclusion.jpg>] <figu
res/globalIll.jpg, id=115, 1284.8pt x 722.7pt>
File: figures/globalIll.jpg Graphic file (type jpg)

<use figures/globalIll.jpg>
Package pdftex.def Info: figures/globalIll.jpg used on input line 245.
(pdftex.def)             Requested size: 385.44298pt x 216.81pt.
 <figures/caustics.jpg, id=116, 1284.8pt x 722.7pt>
File: figures/caustics.jpg Graphic file (type jpg)

<use figures/caustics.jpg>
Package pdftex.def Info: figures/caustics.jpg used on input line 253.
(pdftex.def)             Requested size: 385.44298pt x 216.81pt.


LaTeX Warning: `h' float specifier changed to `ht'.

[18 <C:/Users/Chris/Documents/Thesis/tamuthesis/figures/globalIll.jpg>]
[19 <C:/Users/Chris/Documents/Thesis/tamuthesis/figures/caustics.jpg>]
Overfull \hbox (0.35901pt too wide) in paragraph at lines 270--271
[]\OT1/cmr/m/n/12 `` A good tool would have Sim-ula's sup-port for pro-gram org
anization-
 []

[20] [21]
Missing character: There is no â in font cmr12!
Missing character: There is no ˆ in font cmr12!
Missing character: There is no ’ in font cmr12!
 [22] [23] [24]) [25]
(C:\Users\Chris\Documents\Thesis\tamuthesis\Methodology.tex
Chapter 3.
<figures/rayTracerStructure.jpg, id=142, 552.464pt x 479.34184pt>
File: figures/rayTracerStructure.jpg Graphic file (type jpg)

<use figures/rayTracerStructure.jpg>
Package pdftex.def Info: figures/rayTracerStructure.jpg used on input line 20.
(pdftex.def)             Requested size: 249.88785pt x 216.81pt.
 [26



 <C:/Users/Chris/Documents/Thesis/tamuthesis/figures/rayTracerStructure.jpg>]
<figures/data_structure.png, id=147, 633.81621pt x 341.41345pt>
File: figures/data_structure.png Graphic file (type png)

<use figures/data_structure.png>
Package pdftex.def Info: figures/data_structure.png used on input line 29.
(pdftex.def)             Requested size: 402.49783pt x 216.81pt.
 [27 <C:/Users/Chris/Documents/Thesis/tamuthesis/figures/data_structure.png>]) 
[28]
(C:\Users\Chris\Documents\Thesis\tamuthesis\Implementation.tex
Chapter 4.
LaTeX Font Info:    Try loading font information for OML+cmr on input line 44.
("C:\Program Files (x86)\MiKTeX 2.9\tex\latex\base\omlcmr.fd"
File: omlcmr.fd 1999/05/25 v2.5h Standard LaTeX font definitions
)
LaTeX Font Info:    Font shape `OML/cmr/m/it' in size <12> not available
(Font)              Font shape `OML/cmm/m/it' tried instead on input line 44.

Overfull \hbox (0.79999pt too wide) detected at line 47
|[]|
 []

[29



]

LaTeX Warning: Reference `fig:RayTracerClassStructure' on page 30 undefined on 
input line 52.

[30] [31] [32] [33] [34] [35]
LaTeX Font Info:    Font shape `OMS/cmr/m/it' in size <12> not available
(Font)              Font shape `OMS/cmsy/m/n' tried instead on input line 92.
 [36]
("C:\Program Files (x86)\MiKTeX 2.9\tex\latex\listings\lstlang1.sty"
File: lstlang1.sty 2014/03/04 1.5c listings language file
) [37]
("C:\Program Files (x86)\MiKTeX 2.9\tex\latex\listings\lstlang1.sty"
File: lstlang1.sty 2014/03/04 1.5c listings language file
)
("C:\Program Files (x86)\MiKTeX 2.9\tex\latex\listings\lstlang1.sty"
File: lstlang1.sty 2014/03/04 1.5c listings language file
)
("C:\Program Files (x86)\MiKTeX 2.9\tex\latex\listings\lstmisc.sty"
File: lstmisc.sty 2014/03/04 1.5c (Carsten Heinz)
)
("C:\Program Files (x86)\MiKTeX 2.9\tex\latex\listings\lstlang1.sty"
File: lstlang1.sty 2014/03/04 1.5c listings language file
) [38]
[39] [40] [41] [42]

LaTeX Warning: Reference `listing:Java Abstract Class Example' on page 43 undef
ined on input line 233.

[43] [44] <figures/BasicRayCastingProcessing.png, id=208, 1284.8pt x 722.7pt>
File: figures/BasicRayCastingProcessing.png Graphic file (type png)

<use figures/BasicRayCastingProcessing.png>
Package pdftex.def Info: figures/BasicRayCastingProcessing.png used on input li
ne 257.
(pdftex.def)             Requested size: 430.0074pt x 241.87717pt.

<figures/ShadowCastingPython.png, id=209, 1284.8pt x 722.7pt>
File: figures/ShadowCastingPython.png Graphic file (type png)

<use figures/ShadowCastingPython.png>
Package pdftex.def Info: figures/ShadowCastingPython.png used on input line 264
.
(pdftex.def)             Requested size: 430.0074pt x 241.87717pt.

<figures/ShadowCastingC++.jpeg, id=210, 1284.8pt x 722.7pt>
File: figures/ShadowCastingC++.jpeg Graphic file (type jpg)

<use figures/ShadowCastingC++.jpeg>
Package pdftex.def Info: figures/ShadowCastingC++.jpeg used on input line 271.
(pdftex.def)             Requested size: 430.0074pt x 241.87717pt.

<figures/texturingC++.jpg, id=211, 1284.8pt x 722.7pt>
File: figures/texturingC++.jpg Graphic file (type jpg)

<use figures/texturingC++.jpg>
Package pdftex.def Info: figures/texturingC++.jpg used on input line 278.
(pdftex.def)             Requested size: 430.0074pt x 241.87717pt.

<figures/processingTriangles.png, id=212, 1284.8pt x 722.7pt>
File: figures/processingTriangles.png Graphic file (type png)

<use figures/processingTriangles.png>
Package pdftex.def Info: figures/processingTriangles.png used on input line 285
.
(pdftex.def)             Requested size: 430.0074pt x 241.87717pt.

<figures/graphs/basic-graph.png, id=213, 675.0018pt x 404.712pt>
File: figures/graphs/basic-graph.png Graphic file (type png)

<use figures/graphs/basic-graph.png>
Package pdftex.def Info: figures/graphs/basic-graph.png used on input line 294.

(pdftex.def)             Requested size: 430.0074pt x 257.81677pt.

<figures/graphs/lights-graph.png, id=214, 706.3188pt x 423.5022pt>
File: figures/graphs/lights-graph.png Graphic file (type png)

<use figures/graphs/lights-graph.png>
Package pdftex.def Info: figures/graphs/lights-graph.png used on input line 301
.
(pdftex.def)             Requested size: 430.0074pt x 257.82544pt.

<figures/graphs/obj-graph.png, id=215, 690.4194pt x 414.348pt>
File: figures/graphs/obj-graph.png Graphic file (type png)

<use figures/graphs/obj-graph.png>
Package pdftex.def Info: figures/graphs/obj-graph.png used on input line 308.
(pdftex.def)             Requested size: 430.0074pt x 258.06274pt.

<figures/graphs/texturing.png, id=216, 658.1388pt x 395.076pt>
File: figures/graphs/texturing.png Graphic file (type png)

<use figures/graphs/texturing.png>
Package pdftex.def Info: figures/graphs/texturing.png used on input line 315.
(pdftex.def)             Requested size: 430.0074pt x 258.13464pt.
) [45] [46 <C:/Users/Chris/Documents/Thesis/tamuthesis/figures/BasicRayCastingP
rocessing.png (PNG copy)>] [47 <C:/Users/Chris/Documents/Thesis/tamuthesis/figu
res/ShadowCastingPython.png (PNG copy)> <C:/Users/Chris/Documents/Thesis/tamuth
esis/figures/ShadowCastingC++.jpeg>] [48 <C:/Users/Chris/Documents/Thesis/tamut
hesis/figures/texturingC++.jpg> <C:/Users/Chris/Documents/Thesis/tamuthesis/fig
ures/processingTriangles.png (PNG copy)>]
[49 <C:/Users/Chris/Documents/Thesis/tamuthesis/figures/graphs/basic-graph.png>
 <C:/Users/Chris/Documents/Thesis/tamuthesis/figures/graphs/lights-graph.png>]
[50 <C:/Users/Chris/Documents/Thesis/tamuthesis/figures/graphs/obj-graph.png> <
C:/Users/Chris/Documents/Thesis/tamuthesis/figures/graphs/texturing.png>]
(C:\Users\Chris\Documents\Thesis\tamuthesis\results.tex
Chapter 5.

LaTeX Warning: Citation `Agrawal1986' on page 51 undefined on input line 20.

<figures/Penguins.jpg, id=240, 770.88pt x 578.16pt>
File: figures/Penguins.jpg Graphic file (type jpg)
 <use figures/Penguins.jpg>
Package pdftex.def Info: figures/Penguins.jpg used on input line 31.
(pdftex.def)             Requested size: 385.43906pt x 289.07928pt.
) [51



] [52 <C:/Users/Chris/Documents/Thesis/tamuthesis/figures/Penguins.jpg>]
(C:\Users\Chris\Documents\Thesis\tamuthesis\bibliography.tex
(C:\Users\Chris\Documents\Thesis\tamuthesis\tamuthesis.bbl
Underfull \hbox (badness 1052) in paragraph at lines 30--35
[]\OT1/cmr/m/n/12 Amy Gooch, Bruce Gooch, Pe-ter Shirley, and Elaine Co-hen.  A
 non-
 []

[53



]
Underfull \hbox (badness 2334) in paragraph at lines 105--110
[]\OT1/cmr/m/n/12 Guido van Rossum.  Per-sonal history- part 1, cwi.  http://py
thon-
 []

)) [54] (C:\Users\Chris\Documents\Thesis\tamuthesis\tamuthesis.aux
(C:\Users\Chris\Documents\Thesis\tamuthesis\titlepage.aux)
(C:\Users\Chris\Documents\Thesis\tamuthesis\abstract.aux)
(C:\Users\Chris\Documents\Thesis\tamuthesis\dedication.aux)
(C:\Users\Chris\Documents\Thesis\tamuthesis\acknowledgements.aux)
(C:\Users\Chris\Documents\Thesis\tamuthesis\nomenclature.aux)
(C:\Users\Chris\Documents\Thesis\tamuthesis\lists.aux)
(C:\Users\Chris\Documents\Thesis\tamuthesis\introduction.aux)
(C:\Users\Chris\Documents\Thesis\tamuthesis\background.aux)
(C:\Users\Chris\Documents\Thesis\tamuthesis\Methodology.aux)
(C:\Users\Chris\Documents\Thesis\tamuthesis\Implementation.aux)
(C:\Users\Chris\Documents\Thesis\tamuthesis\results.aux)
(C:\Users\Chris\Documents\Thesis\tamuthesis\bibliography.aux))

LaTeX Warning: There were undefined references.


LaTeX Warning: There were multiply-defined labels.

 ) 
Here is how much of TeX's memory you used:
 7609 strings out of 493921
 113145 string characters out of 3144875
 291248 words of memory out of 3000000
 10686 multiletter control sequences out of 15000+200000
 8947 words of font info for 33 fonts, out of 3000000 for 9000
 841 hyphenation exceptions out of 8191
 38i,19n,62p,2032b,1573s stack positions out of 5000i,500n,10000p,200000b,50000s
<C:/Program Files (x86)/MiKTeX 2.9/fonts/type1/public/amsfonts/cm/cmbx12.pfb>
<C:/Program Files (x86)/MiKTeX 2.9/fonts/type1/public/amsfonts/cm/cmex10.pfb><C
:/Program Files (x86)/MiKTeX 2.9/fonts/type1/public/amsfonts/cm/cmmi12.pfb><C:/
Program Files (x86)/MiKTeX 2.9/fonts/type1/public/amsfonts/cm/cmmi8.pfb><C:/Pro
gram Files (x86)/MiKTeX 2.9/fonts/type1/public/amsfonts/cm/cmr12.pfb><C:/Progra
m Files (x86)/MiKTeX 2.9/fonts/type1/public/amsfonts/cm/cmr6.pfb><C:/Program Fi
les (x86)/MiKTeX 2.9/fonts/type1/public/amsfonts/cm/cmr8.pfb><C:/Program Files 
(x86)/MiKTeX 2.9/fonts/type1/public/amsfonts/cm/cmsy10.pfb><C:/Program Files (x
86)/MiKTeX 2.9/fonts/type1/public/amsfonts/cm/cmsy8.pfb><C:/Program Files (x86)
/MiKTeX 2.9/fonts/type1/public/amsfonts/cm/cmti12.pfb><C:/Program Files (x86)/M
iKTeX 2.9/fonts/type1/public/amsfonts/cm/cmtt10.pfb>
Output written on tamuthesis.pdf (65 pages, 4786647 bytes).
PDF statistics:
 290 PDF objects out of 1000 (max. 8388607)
 0 named destinations out of 1000 (max. 500000)
 121 words of extra memory for PDF output out of 10000 (max. 10000000)

